\BOOKMARK [0][-]{chapter.1}{\376\377\000C\000o\000n\000t\000i\000n\000u\000o\000u\000s\000\040\000a\000n\000d\000\040\000D\000i\000s\000c\000r\000e\000t\000e\000-\000T\000i\000m\000e\000\040\000F\000o\000u\000r\000i\000e\000r\000\040\000T\000r\000a\000n\000s\000f\000o\000r\000m}{}% 1
\BOOKMARK [1][-]{section.1.1}{\376\377\000P\000r\000o\000p\000e\000r\000t\000y\000\040\000o\000f\000\040\000t\000h\000e\000\040\000t\000r\000a\000n\000s\000f\000o\000r\000m}{chapter.1}% 2
\BOOKMARK [2][-]{subsection.1.1.1}{\376\377\000W\000i\000n\000d\000o\000w\000i\000n\000g\000\040\000t\000h\000e\000o\000r\000e\000m}{section.1.1}% 3
\BOOKMARK [1][-]{section.1.2}{\376\377\000T\000r\000a\000n\000s\000f\000o\000r\000m\000s\000\040\000o\000f\000\040\000s\000t\000a\000n\000d\000a\000r\000d\000\040\000f\000u\000n\000c\000t\000i\000o\000n\000s}{chapter.1}% 4
\BOOKMARK [2][-]{subsection.1.2.1}{\376\377\000C\000o\000n\000t\000i\000n\000u\000o\000u\000s\000\040\000t\000i\000m\000e}{section.1.2}% 5
\BOOKMARK [2][-]{subsection.1.2.2}{\376\377\000D\000i\000s\000c\000r\000e\000t\000e\000\040\000t\000i\000m\000e}{section.1.2}% 6
\BOOKMARK [0][-]{chapter.2}{\376\377\000R\000a\000n\000d\000o\000m\000\040\000V\000a\000r\000i\000a\000b\000l\000e\000s\000\040\000a\000n\000d\000\040\000S\000t\000o\000c\000h\000a\000s\000t\000i\000c\000\040\000P\000r\000o\000c\000e\000s\000s\000e\000s}{}% 7
\BOOKMARK [1][-]{section.2.1}{\376\377\000P\000r\000o\000b\000a\000b\000i\000l\000i\000t\000y\000\040\000a\000n\000d\000\040\000r\000a\000n\000d\000o\000m\000\040\000v\000a\000r\000i\000a\000b\000l\000e\000s}{chapter.2}% 8
\BOOKMARK [1][-]{section.2.2}{\376\377\000R\000a\000n\000d\000o\000m\000\040\000v\000a\000r\000i\000a\000b\000l\000e\000s}{chapter.2}% 9
\BOOKMARK [2][-]{subsection.2.2.1}{\376\377\000S\000t\000a\000t\000i\000s\000t\000i\000c\000a\000l\000\040\000m\000o\000m\000e\000n\000t\000\040\000o\000f\000\040\000r\000a\000n\000d\000o\000m\000\040\000v\000a\000r\000i\000a\000b\000l\000e}{section.2.2}% 10
\BOOKMARK [2][-]{subsection.2.2.2}{\376\377\000C\000h\000a\000r\000a\000c\000t\000e\000r\000i\000s\000t\000i\000c\000\040\000f\000u\000n\000c\000t\000i\000o\000n}{section.2.2}% 11
\BOOKMARK [2][-]{subsection.2.2.3}{\376\377\000M\000u\000l\000t\000i\000p\000l\000e\000\040\000r\000a\000n\000d\000o\000m\000\040\000v\000a\000r\000i\000a\000b\000l\000e\000s}{section.2.2}% 12
\BOOKMARK [1][-]{section.2.3}{\376\377\000S\000t\000o\000c\000h\000a\000s\000t\000i\000c\000\040\000p\000r\000o\000c\000e\000s\000s\000e\000s}{chapter.2}% 13
\BOOKMARK [2][-]{subsection.2.3.1}{\376\377\000C\000l\000a\000s\000s\000i\000f\000i\000c\000a\000t\000i\000o\000n\000\040\000o\000f\000\040\000s\000t\000o\000c\000h\000a\000s\000t\000i\000c\000\040\000p\000r\000o\000c\000e\000s\000s\000e\000s\000:\000\040\000s\000t\000a\000t\000i\000o\000n\000a\000r\000y\000\040\000c\000a\000s\000e\000s}{section.2.3}% 14
\BOOKMARK [2][-]{subsection.2.3.2}{\376\377\000P\000o\000w\000e\000r\000\040\000s\000p\000e\000c\000t\000r\000a\000l\000\040\000d\000e\000n\000s\000i\000t\000y}{section.2.3}% 15
\BOOKMARK [0][-]{chapter.3}{\376\377\000S\000a\000m\000p\000l\000i\000n\000g\000,\000\040\000A\000/\000D\000\040\000a\000n\000d\000\040\000D\000/\000A\000\040\000C\000o\000n\000v\000e\000r\000s\000i\000o\000n\000s}{}% 16
\BOOKMARK [1][-]{section.3.1}{\376\377\000I\000m\000p\000u\000l\000s\000e\000\040\000r\000e\000s\000p\000o\000n\000s\000e}{chapter.3}% 17
\BOOKMARK [1][-]{section.3.2}{\376\377\000A\000n\000a\000l\000o\000g\000-\000t\000o\000-\000d\000i\000g\000i\000t\000a\000l\000\040\000c\000o\000n\000v\000e\000r\000t\000e\000r}{chapter.3}% 18
\BOOKMARK [2][-]{subsection.3.2.1}{\376\377\000I\000d\000e\000a\000l\000\040\000f\000i\000l\000t\000e\000r\000s}{section.3.2}% 19
\BOOKMARK [2][-]{subsection.3.2.2}{\376\377\000C\000o\000n\000t\000i\000n\000u\000o\000u\000s\000-\000t\000o\000-\000d\000i\000s\000c\000r\000e\000t\000e\000\040\000t\000i\000m\000e\000\040\000c\000o\000n\000v\000e\000r\000t\000e\000r}{section.3.2}% 20
\BOOKMARK [2][-]{subsection.3.2.3}{\376\377\000N\000y\000q\000u\000i\000s\000t\000\040\000s\000a\000m\000p\000l\000i\000n\000g\000\040\000t\000h\000e\000o\000r\000e\000m}{section.3.2}% 21
\BOOKMARK [2][-]{subsection.3.2.4}{\376\377\000S\000a\000m\000p\000l\000e\000\040\000\046\000\040\000h\000o\000l\000d}{section.3.2}% 22
\BOOKMARK [2][-]{subsection.3.2.5}{\376\377\000Q\000u\000a\000n\000t\000i\000z\000a\000t\000i\000o\000n\000\040\000a\000n\000d\000\040\000c\000o\000d\000i\000f\000i\000c\000a\000t\000i\000o\000n}{section.3.2}% 23
\BOOKMARK [2][-]{subsection.3.2.6}{\376\377\000T\000e\000c\000h\000n\000o\000l\000o\000g\000y\000\040\000i\000m\000p\000l\000e\000m\000e\000n\000t\000a\000t\000i\000o\000n\000s}{section.3.2}% 24
\BOOKMARK [1][-]{section.3.3}{\376\377\000D\000i\000g\000i\000t\000a\000l\000-\000t\000o\000-\000a\000n\000a\000l\000o\000g\000\040\000c\000o\000n\000v\000e\000r\000t\000e\000r}{chapter.3}% 25
\BOOKMARK [1][-]{section.3.4}{\376\377\000M\000u\000l\000t\000i\000-\000r\000a\000t\000e\000\040\000s\000i\000g\000n\000a\000l\000\040\000p\000r\000o\000c\000e\000s\000s\000i\000n\000g}{chapter.3}% 26
\BOOKMARK [2][-]{subsection.3.4.1}{\376\377\000U\000n\000d\000e\000r\000s\000a\000m\000p\000l\000i\000n\000g}{section.3.4}% 27
\BOOKMARK [2][-]{subsection.3.4.2}{\376\377\000U\000p\000s\000a\000m\000p\000l\000i\000n\000g}{section.3.4}% 28
\BOOKMARK [0][-]{chapter.4}{\376\377\000D\000i\000s\000c\000r\000e\000t\000e\000/\000F\000a\000s\000t\000\040\000F\000o\000u\000r\000i\000e\000r\000\040\000T\000r\000a\000n\000s\000f\000o\000r\000m\000\040\000a\000n\000d\000\040\000S\000p\000e\000c\000t\000r\000a\000l\000\040\000E\000s\000t\000i\000m\000a\000t\000i\000o\000n}{}% 29
\BOOKMARK [1][-]{section.4.1}{\376\377\000D\000i\000s\000c\000r\000e\000t\000e\000\040\000F\000o\000u\000r\000i\000e\000r\000\040\000t\000r\000a\000n\000s\000f\000o\000r\000m}{chapter.4}% 30
\BOOKMARK [2][-]{subsection.4.1.1}{\376\377\000T\000i\000m\000e\000\040\000a\000l\000i\000a\000s\000i\000n\000g}{section.4.1}% 31
\BOOKMARK [2][-]{subsection.4.1.2}{\376\377\000P\000r\000o\000p\000e\000r\000t\000i\000e\000s}{section.4.1}% 32
\BOOKMARK [1][-]{section.4.2}{\376\377\000F\000a\000s\000t\000\040\000F\000o\000u\000r\000i\000e\000r\000\040\000t\000r\000a\000n\000s\000f\000o\000r\000m\000s}{chapter.4}% 33
\BOOKMARK [2][-]{subsection.4.2.1}{\376\377\000D\000e\000c\000i\000m\000a\000t\000i\000o\000n\000\040\000i\000n\000\040\000t\000i\000m\000e}{section.4.2}% 34
\BOOKMARK [2][-]{subsection.4.2.2}{\376\377\000D\000e\000c\000i\000m\000a\000t\000i\000o\000n\000\040\000i\000n\000\040\000f\000r\000e\000q\000u\000e\000n\000c\000y}{section.4.2}% 35
\BOOKMARK [1][-]{section.4.3}{\376\377\000S\000p\000e\000c\000t\000r\000a\000l\000\040\000e\000s\000t\000i\000m\000a\000t\000i\000o\000n}{chapter.4}% 36
\BOOKMARK [2][-]{subsection.4.3.1}{\376\377\000S\000t\000a\000t\000i\000o\000n\000a\000r\000y\000\040\000d\000e\000t\000e\000r\000m\000i\000n\000i\000s\000t\000i\000c\000\040\000s\000i\000g\000n\000a\000l}{section.4.3}% 37
\BOOKMARK [2][-]{subsection.4.3.2}{\376\377\000N\000o\000n\000-\000s\000t\000a\000t\000i\000o\000n\000a\000r\000y\000\040\000d\000e\000t\000e\000r\000m\000i\000n\000i\000s\000t\000i\000c\000\040\000s\000i\000g\000n\000a\000l\000:\000\040\000s\000h\000o\000r\000t\000\040\000t\000i\000m\000e\000\040\000F\000o\000u\000r\000i\000e\000r\000\040\000t\000r\000a\000n\000s\000f\000o\000r\000m}{section.4.3}% 38
\BOOKMARK [2][-]{subsection.4.3.3}{\376\377\000S\000t\000a\000t\000i\000o\000n\000a\000r\000y\000\040\000r\000a\000n\000d\000o\000m\000\040\000p\000r\000o\000c\000e\000s\000s\000e\000s\000:\000\040\000p\000o\000w\000e\000r\000\040\000s\000p\000e\000c\000t\000r\000a\000l\000\040\000d\000e\000n\000s\000i\000t\000y\000\040\000e\000s\000t\000i\000m\000a\000t\000i\000o\000n}{section.4.3}% 39
\BOOKMARK [1][-]{section.4.4}{\376\377\000E\000x\000a\000m\000p\000l\000e\000s}{chapter.4}% 40
\BOOKMARK [2][-]{subsection.4.4.1}{\376\377\000C\000o\000n\000v\000o\000l\000u\000t\000i\000o\000n\000\040\000c\000o\000m\000p\000u\000t\000a\000t\000i\000o\000n}{section.4.4}% 41
\BOOKMARK [2][-]{subsection.4.4.2}{\376\377\000P\000a\000s\000s\000i\000v\000e\000\040\000l\000o\000w\000-\000p\000a\000s\000s\000\040\000f\000i\000l\000t\000e\000r\000\040\000a\000n\000d\000\040\000f\000i\000n\000i\000t\000e\000\040\000d\000i\000f\000f\000e\000r\000e\000n\000c\000e\000\040\000a\000p\000p\000r\000o\000a\000c\000h}{section.4.4}% 42
\BOOKMARK [0][-]{chapter.5}{\376\377\000S\000y\000s\000t\000e\000m\000\040\000a\000n\000a\000l\000y\000s\000i\000s\000\040\000i\000n\000\040\000t\000h\000e\000\040\000Z\000\040\000d\000o\000m\000a\000i\000n}{}% 43
\BOOKMARK [1][-]{section.5.1}{\376\377\000Z\000\040\000t\000r\000a\000n\000s\000f\000o\000r\000m}{chapter.5}% 44
\BOOKMARK [2][-]{subsection.5.1.1}{\376\377\000P\000r\000o\000p\000e\000r\000t\000i\000e\000s}{section.5.1}% 45
\BOOKMARK [1][-]{section.5.2}{\376\377\000T\000r\000a\000n\000s\000f\000e\000r\000\040\000f\000u\000n\000c\000t\000i\000o\000n}{chapter.5}% 46
\BOOKMARK [2][-]{subsection.5.2.1}{\376\377\000P\000a\000r\000t\000i\000a\000l\000\040\000f\000r\000a\000c\000t\000i\000o\000n\000\040\000d\000e\000c\000o\000m\000p\000o\000s\000i\000t\000i\000o\000n}{section.5.2}% 47
\BOOKMARK [2][-]{subsection.5.2.2}{\376\377\000I\000n\000v\000e\000r\000s\000e\000\040\000s\000y\000s\000t\000e\000m}{section.5.2}% 48
\BOOKMARK [1][-]{section.5.3}{\376\377\000I\000m\000p\000l\000e\000m\000e\000n\000t\000a\000t\000i\000o\000n\000\040\000o\000f\000\040\000L\000T\000I\000\040\000s\000y\000s\000t\000e\000m\000s\000:\000\040\000s\000i\000g\000n\000a\000l\000\040\000f\000l\000o\000w\000\040\000g\000r\000a\000p\000h\000s}{chapter.5}% 49
\BOOKMARK [2][-]{subsection.5.3.1}{\376\377\000D\000i\000r\000e\000c\000t\000\040\000f\000o\000r\000m\000\040\000I\000\040\000a\000n\000d\000\040\000I\000I}{section.5.3}% 50
\BOOKMARK [2][-]{subsection.5.3.2}{\376\377\000T\000r\000a\000n\000s\000p\000o\000s\000e\000d\000\040\000f\000o\000r\000m\000\040\000I\000I}{section.5.3}% 51
\BOOKMARK [0][-]{chapter.6}{\376\377\000D\000i\000g\000i\000t\000a\000l\000\040\000F\000i\000l\000t\000e\000r\000\040\000D\000e\000s\000i\000g\000n}{}% 52
\BOOKMARK [1][-]{section.6.1}{\376\377\000F\000i\000l\000t\000e\000r\000\040\000s\000p\000e\000c\000i\000f\000i\000c\000a\000t\000i\000o\000n\000s}{chapter.6}% 53
\BOOKMARK [1][-]{section.6.2}{\376\377\000I\000I\000R\000\040\000f\000i\000l\000t\000e\000r\000\040\000d\000e\000s\000i\000g\000n}{chapter.6}% 54
\BOOKMARK [2][-]{subsection.6.2.1}{\376\377\000F\000i\000n\000i\000t\000e\000\040\000d\000i\000f\000f\000e\000r\000e\000n\000c\000e\000\040\000m\000e\000t\000h\000o\000d\000\040\000a\000n\000d\000\040\000b\000i\000l\000i\000n\000e\000a\000r\000\040\000t\000r\000a\000n\000s\000f\000o\000r\000m}{section.6.2}% 55
\BOOKMARK [2][-]{subsection.6.2.2}{\376\377\000B\000u\000t\000t\000e\000r\000w\000o\000r\000t\000h\000\040\000f\000i\000l\000t\000e\000r}{section.6.2}% 56
\BOOKMARK [2][-]{subsection.6.2.3}{\376\377\000C\000h\000e\000b\000y\000s\000h\000e\000v\000\040\000t\000y\000p\000e\000\040\000I}{section.6.2}% 57
\BOOKMARK [2][-]{subsection.6.2.4}{\376\377\000E\000x\000a\000m\000p\000l\000e\000s}{section.6.2}% 58
